DEBUG - 2024-12-31 01:51:37 --> Session: Class initialized using 'CodeIgniter\Session\Handlers\FileHandler' driver.
DEBUG - 2024-12-31 01:51:43 --> Session: Class initialized using 'CodeIgniter\Session\Handlers\FileHandler' driver.
DEBUG - 2024-12-31 01:51:57 --> Session: Class initialized using 'CodeIgniter\Session\Handlers\FileHandler' driver.
DEBUG - 2024-12-31 01:52:11 --> Session: Class initialized using 'CodeIgniter\Session\Handlers\FileHandler' driver.
DEBUG - 2024-12-31 01:53:18 --> Session: Class initialized using 'CodeIgniter\Session\Handlers\FileHandler' driver.
DEBUG - 2024-12-31 01:53:28 --> Session: Class initialized using 'CodeIgniter\Session\Handlers\FileHandler' driver.
DEBUG - 2024-12-31 01:55:28 --> Session: Class initialized using 'CodeIgniter\Session\Handlers\FileHandler' driver.
DEBUG - 2024-12-31 01:55:37 --> Session: Class initialized using 'CodeIgniter\Session\Handlers\FileHandler' driver.
DEBUG - 2024-12-31 01:55:43 --> Session: Class initialized using 'CodeIgniter\Session\Handlers\FileHandler' driver.
DEBUG - 2024-12-31 02:00:45 --> Session: Class initialized using 'CodeIgniter\Session\Handlers\FileHandler' driver.
DEBUG - 2024-12-31 02:00:49 --> Session: Class initialized using 'CodeIgniter\Session\Handlers\FileHandler' driver.
DEBUG - 2024-12-31 02:02:04 --> Session: Class initialized using 'CodeIgniter\Session\Handlers\FileHandler' driver.
DEBUG - 2024-12-31 02:04:34 --> Session: Class initialized using 'CodeIgniter\Session\Handlers\FileHandler' driver.
DEBUG - 2024-12-31 02:04:58 --> Session: Class initialized using 'CodeIgniter\Session\Handlers\FileHandler' driver.
DEBUG - 2024-12-31 02:05:43 --> Session: Class initialized using 'CodeIgniter\Session\Handlers\FileHandler' driver.
DEBUG - 2024-12-31 02:05:53 --> Session: Class initialized using 'CodeIgniter\Session\Handlers\FileHandler' driver.
DEBUG - 2024-12-31 02:05:54 --> Session: Class initialized using 'CodeIgniter\Session\Handlers\FileHandler' driver.
DEBUG - 2024-12-31 02:06:56 --> Session: Class initialized using 'CodeIgniter\Session\Handlers\FileHandler' driver.
DEBUG - 2024-12-31 02:06:58 --> Session: Class initialized using 'CodeIgniter\Session\Handlers\FileHandler' driver.
DEBUG - 2024-12-31 02:07:02 --> Session: Class initialized using 'CodeIgniter\Session\Handlers\FileHandler' driver.
DEBUG - 2024-12-31 02:07:04 --> Session: Class initialized using 'CodeIgniter\Session\Handlers\FileHandler' driver.
DEBUG - 2024-12-31 02:07:05 --> Session: Class initialized using 'CodeIgniter\Session\Handlers\FileHandler' driver.
DEBUG - 2024-12-31 02:07:08 --> Session: Class initialized using 'CodeIgniter\Session\Handlers\FileHandler' driver.
DEBUG - 2024-12-31 02:08:07 --> Session: Class initialized using 'CodeIgniter\Session\Handlers\FileHandler' driver.
DEBUG - 2024-12-31 02:08:14 --> Session: Class initialized using 'CodeIgniter\Session\Handlers\FileHandler' driver.
ERROR - 2024-12-31 02:08:14 --> Error connecting to the database: mysqli_sql_exception: Connection refused in /home/vol8_8/iceiy.com/icei_38009888/htdocs/yovanka/CodeIgniter4-develop/system/Database/MySQLi/Connection.php:186
Stack trace:
#0 /home/vol8_8/iceiy.com/icei_38009888/htdocs/yovanka/CodeIgniter4-develop/system/Database/MySQLi/Connection.php(186): mysqli->real_connect('sql310.iceiy.co...', 'icei_38009888', Object(SensitiveParameterValue), 'icei_38009888_t...', 3307, '', 0)
#1 /home/vol8_8/iceiy.com/icei_38009888/htdocs/yovanka/CodeIgniter4-develop/system/Database/BaseConnection.php(421): CodeIgniter\Database\MySQLi\Connection->connect(false)
#2 /home/vol8_8/iceiy.com/icei_38009888/htdocs/yovanka/CodeIgniter4-develop/system/Database/BaseConnection.php(616): CodeIgniter\Database\BaseConnection->initialize()
#3 /home/vol8_8/iceiy.com/icei_38009888/htdocs/yovanka/CodeIgniter4-develop/system/Database/BaseBuilder.php(1644): CodeIgniter\Database\BaseConnection->query('SELECT *\nFROM `...', Array, false)
#4 /home/vol8_8/iceiy.com/icei_38009888/htdocs/yovanka/CodeIgniter4-develop/system/Model.php(330): CodeIgniter\Database\BaseBuilder->get()
#5 /home/vol8_8/iceiy.com/icei_38009888/htdocs/yovanka/CodeIgniter4-develop/system/BaseModel.php(713): CodeIgniter\Model->doFirst()
#6 /home/vol8_8/iceiy.com/icei_38009888/htdocs/yovanka/CodeIgniter4-develop/app/Controllers/SigninController.php(21): CodeIgniter\BaseModel->first()
#7 /home/vol8_8/iceiy.com/icei_38009888/htdocs/yovanka/CodeIgniter4-develop/system/CodeIgniter.php(933): App\Controllers\SigninController->loginAuth()
#8 /home/vol8_8/iceiy.com/icei_38009888/htdocs/yovanka/CodeIgniter4-develop/system/CodeIgniter.php(509): CodeIgniter\CodeIgniter->runController(Object(App\Controllers\SigninController))
#9 /home/vol8_8/iceiy.com/icei_38009888/htdocs/yovanka/CodeIgniter4-develop/system/CodeIgniter.php(355): CodeIgniter\CodeIgniter->handleRequest(NULL, Object(Config\Cache), false)
#10 /home/vol8_8/iceiy.com/icei_38009888/htdocs/yovanka/CodeIgniter4-develop/system/Boot.php(334): CodeIgniter\CodeIgniter->run()
#11 /home/vol8_8/iceiy.com/icei_38009888/htdocs/yovanka/CodeIgniter4-develop/system/Boot.php(67): CodeIgniter\Boot::runCodeIgniter(Object(CodeIgniter\CodeIgniter))
#12 /home/vol8_8/iceiy.com/icei_38009888/htdocs/yovanka/CodeIgniter4-develop/public/index.php(56): CodeIgniter\Boot::bootWeb(Object(Config\Paths))
#13 {main}

Next CodeIgniter\Database\Exceptions\DatabaseException: Connection refused in /home/vol8_8/iceiy.com/icei_38009888/htdocs/yovanka/CodeIgniter4-develop/system/Database/MySQLi/Connection.php:231
Stack trace:
#0 /home/vol8_8/iceiy.com/icei_38009888/htdocs/yovanka/CodeIgniter4-develop/system/Database/BaseConnection.php(421): CodeIgniter\Database\MySQLi\Connection->connect(false)
#1 /home/vol8_8/iceiy.com/icei_38009888/htdocs/yovanka/CodeIgniter4-develop/system/Database/BaseConnection.php(616): CodeIgniter\Database\BaseConnection->initialize()
#2 /home/vol8_8/iceiy.com/icei_38009888/htdocs/yovanka/CodeIgniter4-develop/system/Database/BaseBuilder.php(1644): CodeIgniter\Database\BaseConnection->query('SELECT *\nFROM `...', Array, false)
#3 /home/vol8_8/iceiy.com/icei_38009888/htdocs/yovanka/CodeIgniter4-develop/system/Model.php(330): CodeIgniter\Database\BaseBuilder->get()
#4 /home/vol8_8/iceiy.com/icei_38009888/htdocs/yovanka/CodeIgniter4-develop/system/BaseModel.php(713): CodeIgniter\Model->doFirst()
#5 /home/vol8_8/iceiy.com/icei_38009888/htdocs/yovanka/CodeIgniter4-develop/app/Controllers/SigninController.php(21): CodeIgniter\BaseModel->first()
#6 /home/vol8_8/iceiy.com/icei_38009888/htdocs/yovanka/CodeIgniter4-develop/system/CodeIgniter.php(933): App\Controllers\SigninController->loginAuth()
#7 /home/vol8_8/iceiy.com/icei_38009888/htdocs/yovanka/CodeIgniter4-develop/system/CodeIgniter.php(509): CodeIgniter\CodeIgniter->runController(Object(App\Controllers\SigninController))
#8 /home/vol8_8/iceiy.com/icei_38009888/htdocs/yovanka/CodeIgniter4-develop/system/CodeIgniter.php(355): CodeIgniter\CodeIgniter->handleRequest(NULL, Object(Config\Cache), false)
#9 /home/vol8_8/iceiy.com/icei_38009888/htdocs/yovanka/CodeIgniter4-develop/system/Boot.php(334): CodeIgniter\CodeIgniter->run()
#10 /home/vol8_8/iceiy.com/icei_38009888/htdocs/yovanka/CodeIgniter4-develop/system/Boot.php(67): CodeIgniter\Boot::runCodeIgniter(Object(CodeIgniter\CodeIgniter))
#11 /home/vol8_8/iceiy.com/icei_38009888/htdocs/yovanka/CodeIgniter4-develop/public/index.php(56): CodeIgniter\Boot::bootWeb(Object(Config\Paths))
#12 {main}
CRITICAL - 2024-12-31 02:08:14 --> CodeIgniter\Database\Exceptions\DatabaseException: Unable to connect to the database.
Main connection [MySQLi]: Connection refused
[Method: POST, Route: SigninController/loginAuth]
in SYSTEMPATH/Database/BaseConnection.php on line 467.
 1 SYSTEMPATH/Database/BaseConnection.php(616): CodeIgniter\Database\BaseConnection->initialize()
 2 SYSTEMPATH/Database/BaseBuilder.php(1644): CodeIgniter\Database\BaseConnection->query('SELECT *
FROM `users`
WHERE `email` = :email:
 LIMIT 1', [...], false)
 3 SYSTEMPATH/Model.php(330): CodeIgniter\Database\BaseBuilder->get()
 4 SYSTEMPATH/BaseModel.php(713): CodeIgniter\Model->doFirst()
 5 APPPATH/Controllers/SigninController.php(21): CodeIgniter\BaseModel->first()
 6 SYSTEMPATH/CodeIgniter.php(933): App\Controllers\SigninController->loginAuth()
 7 SYSTEMPATH/CodeIgniter.php(509): CodeIgniter\CodeIgniter->runController(Object(App\Controllers\SigninController))
 8 SYSTEMPATH/CodeIgniter.php(355): CodeIgniter\CodeIgniter->handleRequest(null, Object(Config\Cache), false)
 9 SYSTEMPATH/Boot.php(334): CodeIgniter\CodeIgniter->run()
10 SYSTEMPATH/Boot.php(67): CodeIgniter\Boot::runCodeIgniter(Object(CodeIgniter\CodeIgniter))
11 FCPATH/index.php(56): CodeIgniter\Boot::bootWeb(Object(Config\Paths))
DEBUG - 2024-12-31 02:12:08 --> Session: Class initialized using 'CodeIgniter\Session\Handlers\FileHandler' driver.
DEBUG - 2024-12-31 02:12:16 --> Session: Class initialized using 'CodeIgniter\Session\Handlers\FileHandler' driver.
ERROR - 2024-12-31 02:12:16 --> Error connecting to the database: mysqli_sql_exception: Connection refused in /home/vol8_8/iceiy.com/icei_38009888/htdocs/yovanka/CodeIgniter4-develop/system/Database/MySQLi/Connection.php:186
Stack trace:
#0 /home/vol8_8/iceiy.com/icei_38009888/htdocs/yovanka/CodeIgniter4-develop/system/Database/MySQLi/Connection.php(186): mysqli->real_connect('sql310.iceiy.co...', 'icei_38009888', Object(SensitiveParameterValue), 'icei_38009888_t...', 3307, '', 0)
#1 /home/vol8_8/iceiy.com/icei_38009888/htdocs/yovanka/CodeIgniter4-develop/system/Database/BaseConnection.php(421): CodeIgniter\Database\MySQLi\Connection->connect(false)
#2 /home/vol8_8/iceiy.com/icei_38009888/htdocs/yovanka/CodeIgniter4-develop/system/Database/BaseConnection.php(616): CodeIgniter\Database\BaseConnection->initialize()
#3 /home/vol8_8/iceiy.com/icei_38009888/htdocs/yovanka/CodeIgniter4-develop/system/Database/BaseBuilder.php(1644): CodeIgniter\Database\BaseConnection->query('SELECT *\nFROM `...', Array, false)
#4 /home/vol8_8/iceiy.com/icei_38009888/htdocs/yovanka/CodeIgniter4-develop/system/Model.php(330): CodeIgniter\Database\BaseBuilder->get()
#5 /home/vol8_8/iceiy.com/icei_38009888/htdocs/yovanka/CodeIgniter4-develop/system/BaseModel.php(713): CodeIgniter\Model->doFirst()
#6 /home/vol8_8/iceiy.com/icei_38009888/htdocs/yovanka/CodeIgniter4-develop/app/Controllers/SigninController.php(21): CodeIgniter\BaseModel->first()
#7 /home/vol8_8/iceiy.com/icei_38009888/htdocs/yovanka/CodeIgniter4-develop/system/CodeIgniter.php(933): App\Controllers\SigninController->loginAuth()
#8 /home/vol8_8/iceiy.com/icei_38009888/htdocs/yovanka/CodeIgniter4-develop/system/CodeIgniter.php(509): CodeIgniter\CodeIgniter->runController(Object(App\Controllers\SigninController))
#9 /home/vol8_8/iceiy.com/icei_38009888/htdocs/yovanka/CodeIgniter4-develop/system/CodeIgniter.php(355): CodeIgniter\CodeIgniter->handleRequest(NULL, Object(Config\Cache), false)
#10 /home/vol8_8/iceiy.com/icei_38009888/htdocs/yovanka/CodeIgniter4-develop/system/Boot.php(334): CodeIgniter\CodeIgniter->run()
#11 /home/vol8_8/iceiy.com/icei_38009888/htdocs/yovanka/CodeIgniter4-develop/system/Boot.php(67): CodeIgniter\Boot::runCodeIgniter(Object(CodeIgniter\CodeIgniter))
#12 /home/vol8_8/iceiy.com/icei_38009888/htdocs/yovanka/CodeIgniter4-develop/public/index.php(56): CodeIgniter\Boot::bootWeb(Object(Config\Paths))
#13 {main}

Next CodeIgniter\Database\Exceptions\DatabaseException: Connection refused in /home/vol8_8/iceiy.com/icei_38009888/htdocs/yovanka/CodeIgniter4-develop/system/Database/MySQLi/Connection.php:231
Stack trace:
#0 /home/vol8_8/iceiy.com/icei_38009888/htdocs/yovanka/CodeIgniter4-develop/system/Database/BaseConnection.php(421): CodeIgniter\Database\MySQLi\Connection->connect(false)
#1 /home/vol8_8/iceiy.com/icei_38009888/htdocs/yovanka/CodeIgniter4-develop/system/Database/BaseConnection.php(616): CodeIgniter\Database\BaseConnection->initialize()
#2 /home/vol8_8/iceiy.com/icei_38009888/htdocs/yovanka/CodeIgniter4-develop/system/Database/BaseBuilder.php(1644): CodeIgniter\Database\BaseConnection->query('SELECT *\nFROM `...', Array, false)
#3 /home/vol8_8/iceiy.com/icei_38009888/htdocs/yovanka/CodeIgniter4-develop/system/Model.php(330): CodeIgniter\Database\BaseBuilder->get()
#4 /home/vol8_8/iceiy.com/icei_38009888/htdocs/yovanka/CodeIgniter4-develop/system/BaseModel.php(713): CodeIgniter\Model->doFirst()
#5 /home/vol8_8/iceiy.com/icei_38009888/htdocs/yovanka/CodeIgniter4-develop/app/Controllers/SigninController.php(21): CodeIgniter\BaseModel->first()
#6 /home/vol8_8/iceiy.com/icei_38009888/htdocs/yovanka/CodeIgniter4-develop/system/CodeIgniter.php(933): App\Controllers\SigninController->loginAuth()
#7 /home/vol8_8/iceiy.com/icei_38009888/htdocs/yovanka/CodeIgniter4-develop/system/CodeIgniter.php(509): CodeIgniter\CodeIgniter->runController(Object(App\Controllers\SigninController))
#8 /home/vol8_8/iceiy.com/icei_38009888/htdocs/yovanka/CodeIgniter4-develop/system/CodeIgniter.php(355): CodeIgniter\CodeIgniter->handleRequest(NULL, Object(Config\Cache), false)
#9 /home/vol8_8/iceiy.com/icei_38009888/htdocs/yovanka/CodeIgniter4-develop/system/Boot.php(334): CodeIgniter\CodeIgniter->run()
#10 /home/vol8_8/iceiy.com/icei_38009888/htdocs/yovanka/CodeIgniter4-develop/system/Boot.php(67): CodeIgniter\Boot::runCodeIgniter(Object(CodeIgniter\CodeIgniter))
#11 /home/vol8_8/iceiy.com/icei_38009888/htdocs/yovanka/CodeIgniter4-develop/public/index.php(56): CodeIgniter\Boot::bootWeb(Object(Config\Paths))
#12 {main}
CRITICAL - 2024-12-31 02:12:16 --> CodeIgniter\Database\Exceptions\DatabaseException: Unable to connect to the database.
Main connection [MySQLi]: Connection refused
[Method: POST, Route: SigninController/loginAuth]
in SYSTEMPATH/Database/BaseConnection.php on line 467.
 1 SYSTEMPATH/Database/BaseConnection.php(616): CodeIgniter\Database\BaseConnection->initialize()
 2 SYSTEMPATH/Database/BaseBuilder.php(1644): CodeIgniter\Database\BaseConnection->query('SELECT *
FROM `users`
WHERE `email` = :email:
 LIMIT 1', [...], false)
 3 SYSTEMPATH/Model.php(330): CodeIgniter\Database\BaseBuilder->get()
 4 SYSTEMPATH/BaseModel.php(713): CodeIgniter\Model->doFirst()
 5 APPPATH/Controllers/SigninController.php(21): CodeIgniter\BaseModel->first()
 6 SYSTEMPATH/CodeIgniter.php(933): App\Controllers\SigninController->loginAuth()
 7 SYSTEMPATH/CodeIgniter.php(509): CodeIgniter\CodeIgniter->runController(Object(App\Controllers\SigninController))
 8 SYSTEMPATH/CodeIgniter.php(355): CodeIgniter\CodeIgniter->handleRequest(null, Object(Config\Cache), false)
 9 SYSTEMPATH/Boot.php(334): CodeIgniter\CodeIgniter->run()
10 SYSTEMPATH/Boot.php(67): CodeIgniter\Boot::runCodeIgniter(Object(CodeIgniter\CodeIgniter))
11 FCPATH/index.php(56): CodeIgniter\Boot::bootWeb(Object(Config\Paths))
DEBUG - 2024-12-31 02:19:13 --> Session: Class initialized using 'CodeIgniter\Session\Handlers\FileHandler' driver.
DEBUG - 2024-12-31 02:19:18 --> Session: Class initialized using 'CodeIgniter\Session\Handlers\FileHandler' driver.
DEBUG - 2024-12-31 02:19:21 --> Session: Class initialized using 'CodeIgniter\Session\Handlers\FileHandler' driver.
DEBUG - 2024-12-31 02:19:44 --> Session: Class initialized using 'CodeIgniter\Session\Handlers\FileHandler' driver.
ERROR - 2024-12-31 02:19:44 --> Error connecting to the database: mysqli_sql_exception: Connection refused in /home/vol8_8/iceiy.com/icei_38009888/htdocs/yovanka/CodeIgniter4-develop/system/Database/MySQLi/Connection.php:186
Stack trace:
#0 /home/vol8_8/iceiy.com/icei_38009888/htdocs/yovanka/CodeIgniter4-develop/system/Database/MySQLi/Connection.php(186): mysqli->real_connect('sql310.iceiy.co...', 'icei_38009888', Object(SensitiveParameterValue), 'icei_38009888_t...', 3307, '', 0)
#1 /home/vol8_8/iceiy.com/icei_38009888/htdocs/yovanka/CodeIgniter4-develop/system/Database/BaseConnection.php(421): CodeIgniter\Database\MySQLi\Connection->connect(false)
#2 /home/vol8_8/iceiy.com/icei_38009888/htdocs/yovanka/CodeIgniter4-develop/system/Database/BaseConnection.php(616): CodeIgniter\Database\BaseConnection->initialize()
#3 /home/vol8_8/iceiy.com/icei_38009888/htdocs/yovanka/CodeIgniter4-develop/system/Database/BaseBuilder.php(1644): CodeIgniter\Database\BaseConnection->query('SELECT *\nFROM `...', Array, false)
#4 /home/vol8_8/iceiy.com/icei_38009888/htdocs/yovanka/CodeIgniter4-develop/system/Model.php(330): CodeIgniter\Database\BaseBuilder->get()
#5 /home/vol8_8/iceiy.com/icei_38009888/htdocs/yovanka/CodeIgniter4-develop/system/BaseModel.php(713): CodeIgniter\Model->doFirst()
#6 /home/vol8_8/iceiy.com/icei_38009888/htdocs/yovanka/CodeIgniter4-develop/app/Controllers/SigninController.php(21): CodeIgniter\BaseModel->first()
#7 /home/vol8_8/iceiy.com/icei_38009888/htdocs/yovanka/CodeIgniter4-develop/system/CodeIgniter.php(933): App\Controllers\SigninController->loginAuth()
#8 /home/vol8_8/iceiy.com/icei_38009888/htdocs/yovanka/CodeIgniter4-develop/system/CodeIgniter.php(509): CodeIgniter\CodeIgniter->runController(Object(App\Controllers\SigninController))
#9 /home/vol8_8/iceiy.com/icei_38009888/htdocs/yovanka/CodeIgniter4-develop/system/CodeIgniter.php(355): CodeIgniter\CodeIgniter->handleRequest(NULL, Object(Config\Cache), false)
#10 /home/vol8_8/iceiy.com/icei_38009888/htdocs/yovanka/CodeIgniter4-develop/system/Boot.php(334): CodeIgniter\CodeIgniter->run()
#11 /home/vol8_8/iceiy.com/icei_38009888/htdocs/yovanka/CodeIgniter4-develop/system/Boot.php(67): CodeIgniter\Boot::runCodeIgniter(Object(CodeIgniter\CodeIgniter))
#12 /home/vol8_8/iceiy.com/icei_38009888/htdocs/yovanka/CodeIgniter4-develop/public/index.php(56): CodeIgniter\Boot::bootWeb(Object(Config\Paths))
#13 {main}

Next CodeIgniter\Database\Exceptions\DatabaseException: Connection refused in /home/vol8_8/iceiy.com/icei_38009888/htdocs/yovanka/CodeIgniter4-develop/system/Database/MySQLi/Connection.php:231
Stack trace:
#0 /home/vol8_8/iceiy.com/icei_38009888/htdocs/yovanka/CodeIgniter4-develop/system/Database/BaseConnection.php(421): CodeIgniter\Database\MySQLi\Connection->connect(false)
#1 /home/vol8_8/iceiy.com/icei_38009888/htdocs/yovanka/CodeIgniter4-develop/system/Database/BaseConnection.php(616): CodeIgniter\Database\BaseConnection->initialize()
#2 /home/vol8_8/iceiy.com/icei_38009888/htdocs/yovanka/CodeIgniter4-develop/system/Database/BaseBuilder.php(1644): CodeIgniter\Database\BaseConnection->query('SELECT *\nFROM `...', Array, false)
#3 /home/vol8_8/iceiy.com/icei_38009888/htdocs/yovanka/CodeIgniter4-develop/system/Model.php(330): CodeIgniter\Database\BaseBuilder->get()
#4 /home/vol8_8/iceiy.com/icei_38009888/htdocs/yovanka/CodeIgniter4-develop/system/BaseModel.php(713): CodeIgniter\Model->doFirst()
#5 /home/vol8_8/iceiy.com/icei_38009888/htdocs/yovanka/CodeIgniter4-develop/app/Controllers/SigninController.php(21): CodeIgniter\BaseModel->first()
#6 /home/vol8_8/iceiy.com/icei_38009888/htdocs/yovanka/CodeIgniter4-develop/system/CodeIgniter.php(933): App\Controllers\SigninController->loginAuth()
#7 /home/vol8_8/iceiy.com/icei_38009888/htdocs/yovanka/CodeIgniter4-develop/system/CodeIgniter.php(509): CodeIgniter\CodeIgniter->runController(Object(App\Controllers\SigninController))
#8 /home/vol8_8/iceiy.com/icei_38009888/htdocs/yovanka/CodeIgniter4-develop/system/CodeIgniter.php(355): CodeIgniter\CodeIgniter->handleRequest(NULL, Object(Config\Cache), false)
#9 /home/vol8_8/iceiy.com/icei_38009888/htdocs/yovanka/CodeIgniter4-develop/system/Boot.php(334): CodeIgniter\CodeIgniter->run()
#10 /home/vol8_8/iceiy.com/icei_38009888/htdocs/yovanka/CodeIgniter4-develop/system/Boot.php(67): CodeIgniter\Boot::runCodeIgniter(Object(CodeIgniter\CodeIgniter))
#11 /home/vol8_8/iceiy.com/icei_38009888/htdocs/yovanka/CodeIgniter4-develop/public/index.php(56): CodeIgniter\Boot::bootWeb(Object(Config\Paths))
#12 {main}
CRITICAL - 2024-12-31 02:19:44 --> CodeIgniter\Database\Exceptions\DatabaseException: Unable to connect to the database.
Main connection [MySQLi]: Connection refused
[Method: POST, Route: SigninController/loginAuth]
in SYSTEMPATH/Database/BaseConnection.php on line 467.
 1 SYSTEMPATH/Database/BaseConnection.php(616): CodeIgniter\Database\BaseConnection->initialize()
 2 SYSTEMPATH/Database/BaseBuilder.php(1644): CodeIgniter\Database\BaseConnection->query('SELECT *
FROM `users`
WHERE `email` = :email:
 LIMIT 1', [...], false)
 3 SYSTEMPATH/Model.php(330): CodeIgniter\Database\BaseBuilder->get()
 4 SYSTEMPATH/BaseModel.php(713): CodeIgniter\Model->doFirst()
 5 APPPATH/Controllers/SigninController.php(21): CodeIgniter\BaseModel->first()
 6 SYSTEMPATH/CodeIgniter.php(933): App\Controllers\SigninController->loginAuth()
 7 SYSTEMPATH/CodeIgniter.php(509): CodeIgniter\CodeIgniter->runController(Object(App\Controllers\SigninController))
 8 SYSTEMPATH/CodeIgniter.php(355): CodeIgniter\CodeIgniter->handleRequest(null, Object(Config\Cache), false)
 9 SYSTEMPATH/Boot.php(334): CodeIgniter\CodeIgniter->run()
10 SYSTEMPATH/Boot.php(67): CodeIgniter\Boot::runCodeIgniter(Object(CodeIgniter\CodeIgniter))
11 FCPATH/index.php(56): CodeIgniter\Boot::bootWeb(Object(Config\Paths))
DEBUG - 2024-12-31 02:21:53 --> Session: Class initialized using 'CodeIgniter\Session\Handlers\FileHandler' driver.
DEBUG - 2024-12-31 02:22:00 --> Session: Class initialized using 'CodeIgniter\Session\Handlers\FileHandler' driver.
ERROR - 2024-12-31 02:22:00 --> Error connecting to the database: mysqli_sql_exception: Connection refused in /home/vol8_8/iceiy.com/icei_38009888/htdocs/yovanka/CodeIgniter4-develop/system/Database/MySQLi/Connection.php:186
Stack trace:
#0 /home/vol8_8/iceiy.com/icei_38009888/htdocs/yovanka/CodeIgniter4-develop/system/Database/MySQLi/Connection.php(186): mysqli->real_connect('sql310.iceiy.co...', 'icei_38009888', Object(SensitiveParameterValue), 'icei_38009888_t...', 3307, '', 0)
#1 /home/vol8_8/iceiy.com/icei_38009888/htdocs/yovanka/CodeIgniter4-develop/system/Database/BaseConnection.php(421): CodeIgniter\Database\MySQLi\Connection->connect(false)
#2 /home/vol8_8/iceiy.com/icei_38009888/htdocs/yovanka/CodeIgniter4-develop/system/Database/BaseConnection.php(616): CodeIgniter\Database\BaseConnection->initialize()
#3 /home/vol8_8/iceiy.com/icei_38009888/htdocs/yovanka/CodeIgniter4-develop/system/Database/BaseBuilder.php(1644): CodeIgniter\Database\BaseConnection->query('SELECT *\nFROM `...', Array, false)
#4 /home/vol8_8/iceiy.com/icei_38009888/htdocs/yovanka/CodeIgniter4-develop/system/Model.php(330): CodeIgniter\Database\BaseBuilder->get()
#5 /home/vol8_8/iceiy.com/icei_38009888/htdocs/yovanka/CodeIgniter4-develop/system/BaseModel.php(713): CodeIgniter\Model->doFirst()
#6 /home/vol8_8/iceiy.com/icei_38009888/htdocs/yovanka/CodeIgniter4-develop/app/Controllers/SigninController.php(21): CodeIgniter\BaseModel->first()
#7 /home/vol8_8/iceiy.com/icei_38009888/htdocs/yovanka/CodeIgniter4-develop/system/CodeIgniter.php(933): App\Controllers\SigninController->loginAuth()
#8 /home/vol8_8/iceiy.com/icei_38009888/htdocs/yovanka/CodeIgniter4-develop/system/CodeIgniter.php(509): CodeIgniter\CodeIgniter->runController(Object(App\Controllers\SigninController))
#9 /home/vol8_8/iceiy.com/icei_38009888/htdocs/yovanka/CodeIgniter4-develop/system/CodeIgniter.php(355): CodeIgniter\CodeIgniter->handleRequest(NULL, Object(Config\Cache), false)
#10 /home/vol8_8/iceiy.com/icei_38009888/htdocs/yovanka/CodeIgniter4-develop/system/Boot.php(334): CodeIgniter\CodeIgniter->run()
#11 /home/vol8_8/iceiy.com/icei_38009888/htdocs/yovanka/CodeIgniter4-develop/system/Boot.php(67): CodeIgniter\Boot::runCodeIgniter(Object(CodeIgniter\CodeIgniter))
#12 /home/vol8_8/iceiy.com/icei_38009888/htdocs/yovanka/CodeIgniter4-develop/public/index.php(56): CodeIgniter\Boot::bootWeb(Object(Config\Paths))
#13 {main}

Next CodeIgniter\Database\Exceptions\DatabaseException: Connection refused in /home/vol8_8/iceiy.com/icei_38009888/htdocs/yovanka/CodeIgniter4-develop/system/Database/MySQLi/Connection.php:231
Stack trace:
#0 /home/vol8_8/iceiy.com/icei_38009888/htdocs/yovanka/CodeIgniter4-develop/system/Database/BaseConnection.php(421): CodeIgniter\Database\MySQLi\Connection->connect(false)
#1 /home/vol8_8/iceiy.com/icei_38009888/htdocs/yovanka/CodeIgniter4-develop/system/Database/BaseConnection.php(616): CodeIgniter\Database\BaseConnection->initialize()
#2 /home/vol8_8/iceiy.com/icei_38009888/htdocs/yovanka/CodeIgniter4-develop/system/Database/BaseBuilder.php(1644): CodeIgniter\Database\BaseConnection->query('SELECT *\nFROM `...', Array, false)
#3 /home/vol8_8/iceiy.com/icei_38009888/htdocs/yovanka/CodeIgniter4-develop/system/Model.php(330): CodeIgniter\Database\BaseBuilder->get()
#4 /home/vol8_8/iceiy.com/icei_38009888/htdocs/yovanka/CodeIgniter4-develop/system/BaseModel.php(713): CodeIgniter\Model->doFirst()
#5 /home/vol8_8/iceiy.com/icei_38009888/htdocs/yovanka/CodeIgniter4-develop/app/Controllers/SigninController.php(21): CodeIgniter\BaseModel->first()
#6 /home/vol8_8/iceiy.com/icei_38009888/htdocs/yovanka/CodeIgniter4-develop/system/CodeIgniter.php(933): App\Controllers\SigninController->loginAuth()
#7 /home/vol8_8/iceiy.com/icei_38009888/htdocs/yovanka/CodeIgniter4-develop/system/CodeIgniter.php(509): CodeIgniter\CodeIgniter->runController(Object(App\Controllers\SigninController))
#8 /home/vol8_8/iceiy.com/icei_38009888/htdocs/yovanka/CodeIgniter4-develop/system/CodeIgniter.php(355): CodeIgniter\CodeIgniter->handleRequest(NULL, Object(Config\Cache), false)
#9 /home/vol8_8/iceiy.com/icei_38009888/htdocs/yovanka/CodeIgniter4-develop/system/Boot.php(334): CodeIgniter\CodeIgniter->run()
#10 /home/vol8_8/iceiy.com/icei_38009888/htdocs/yovanka/CodeIgniter4-develop/system/Boot.php(67): CodeIgniter\Boot::runCodeIgniter(Object(CodeIgniter\CodeIgniter))
#11 /home/vol8_8/iceiy.com/icei_38009888/htdocs/yovanka/CodeIgniter4-develop/public/index.php(56): CodeIgniter\Boot::bootWeb(Object(Config\Paths))
#12 {main}
CRITICAL - 2024-12-31 02:22:00 --> CodeIgniter\Database\Exceptions\DatabaseException: Unable to connect to the database.
Main connection [MySQLi]: Connection refused
[Method: POST, Route: SigninController/loginAuth]
in SYSTEMPATH/Database/BaseConnection.php on line 467.
 1 SYSTEMPATH/Database/BaseConnection.php(616): CodeIgniter\Database\BaseConnection->initialize()
 2 SYSTEMPATH/Database/BaseBuilder.php(1644): CodeIgniter\Database\BaseConnection->query('SELECT *
FROM `users`
WHERE `email` = :email:
 LIMIT 1', [...], false)
 3 SYSTEMPATH/Model.php(330): CodeIgniter\Database\BaseBuilder->get()
 4 SYSTEMPATH/BaseModel.php(713): CodeIgniter\Model->doFirst()
 5 APPPATH/Controllers/SigninController.php(21): CodeIgniter\BaseModel->first()
 6 SYSTEMPATH/CodeIgniter.php(933): App\Controllers\SigninController->loginAuth()
 7 SYSTEMPATH/CodeIgniter.php(509): CodeIgniter\CodeIgniter->runController(Object(App\Controllers\SigninController))
 8 SYSTEMPATH/CodeIgniter.php(355): CodeIgniter\CodeIgniter->handleRequest(null, Object(Config\Cache), false)
 9 SYSTEMPATH/Boot.php(334): CodeIgniter\CodeIgniter->run()
10 SYSTEMPATH/Boot.php(67): CodeIgniter\Boot::runCodeIgniter(Object(CodeIgniter\CodeIgniter))
11 FCPATH/index.php(56): CodeIgniter\Boot::bootWeb(Object(Config\Paths))
DEBUG - 2024-12-31 02:22:05 --> Session: Class initialized using 'CodeIgniter\Session\Handlers\FileHandler' driver.
DEBUG - 2024-12-31 02:22:10 --> Session: Class initialized using 'CodeIgniter\Session\Handlers\FileHandler' driver.
ERROR - 2024-12-31 02:22:10 --> Error connecting to the database: mysqli_sql_exception: Connection refused in /home/vol8_8/iceiy.com/icei_38009888/htdocs/yovanka/CodeIgniter4-develop/system/Database/MySQLi/Connection.php:186
Stack trace:
#0 /home/vol8_8/iceiy.com/icei_38009888/htdocs/yovanka/CodeIgniter4-develop/system/Database/MySQLi/Connection.php(186): mysqli->real_connect('sql310.iceiy.co...', 'icei_38009888', Object(SensitiveParameterValue), 'icei_38009888_t...', 3307, '', 0)
#1 /home/vol8_8/iceiy.com/icei_38009888/htdocs/yovanka/CodeIgniter4-develop/system/Database/BaseConnection.php(421): CodeIgniter\Database\MySQLi\Connection->connect(false)
#2 /home/vol8_8/iceiy.com/icei_38009888/htdocs/yovanka/CodeIgniter4-develop/system/Database/BaseConnection.php(616): CodeIgniter\Database\BaseConnection->initialize()
#3 /home/vol8_8/iceiy.com/icei_38009888/htdocs/yovanka/CodeIgniter4-develop/system/Database/BaseBuilder.php(1644): CodeIgniter\Database\BaseConnection->query('SELECT *\nFROM `...', Array, false)
#4 /home/vol8_8/iceiy.com/icei_38009888/htdocs/yovanka/CodeIgniter4-develop/system/Model.php(330): CodeIgniter\Database\BaseBuilder->get()
#5 /home/vol8_8/iceiy.com/icei_38009888/htdocs/yovanka/CodeIgniter4-develop/system/BaseModel.php(713): CodeIgniter\Model->doFirst()
#6 /home/vol8_8/iceiy.com/icei_38009888/htdocs/yovanka/CodeIgniter4-develop/app/Controllers/SigninController.php(21): CodeIgniter\BaseModel->first()
#7 /home/vol8_8/iceiy.com/icei_38009888/htdocs/yovanka/CodeIgniter4-develop/system/CodeIgniter.php(933): App\Controllers\SigninController->loginAuth()
#8 /home/vol8_8/iceiy.com/icei_38009888/htdocs/yovanka/CodeIgniter4-develop/system/CodeIgniter.php(509): CodeIgniter\CodeIgniter->runController(Object(App\Controllers\SigninController))
#9 /home/vol8_8/iceiy.com/icei_38009888/htdocs/yovanka/CodeIgniter4-develop/system/CodeIgniter.php(355): CodeIgniter\CodeIgniter->handleRequest(NULL, Object(Config\Cache), false)
#10 /home/vol8_8/iceiy.com/icei_38009888/htdocs/yovanka/CodeIgniter4-develop/system/Boot.php(334): CodeIgniter\CodeIgniter->run()
#11 /home/vol8_8/iceiy.com/icei_38009888/htdocs/yovanka/CodeIgniter4-develop/system/Boot.php(67): CodeIgniter\Boot::runCodeIgniter(Object(CodeIgniter\CodeIgniter))
#12 /home/vol8_8/iceiy.com/icei_38009888/htdocs/yovanka/CodeIgniter4-develop/public/index.php(56): CodeIgniter\Boot::bootWeb(Object(Config\Paths))
#13 {main}

Next CodeIgniter\Database\Exceptions\DatabaseException: Connection refused in /home/vol8_8/iceiy.com/icei_38009888/htdocs/yovanka/CodeIgniter4-develop/system/Database/MySQLi/Connection.php:231
Stack trace:
#0 /home/vol8_8/iceiy.com/icei_38009888/htdocs/yovanka/CodeIgniter4-develop/system/Database/BaseConnection.php(421): CodeIgniter\Database\MySQLi\Connection->connect(false)
#1 /home/vol8_8/iceiy.com/icei_38009888/htdocs/yovanka/CodeIgniter4-develop/system/Database/BaseConnection.php(616): CodeIgniter\Database\BaseConnection->initialize()
#2 /home/vol8_8/iceiy.com/icei_38009888/htdocs/yovanka/CodeIgniter4-develop/system/Database/BaseBuilder.php(1644): CodeIgniter\Database\BaseConnection->query('SELECT *\nFROM `...', Array, false)
#3 /home/vol8_8/iceiy.com/icei_38009888/htdocs/yovanka/CodeIgniter4-develop/system/Model.php(330): CodeIgniter\Database\BaseBuilder->get()
#4 /home/vol8_8/iceiy.com/icei_38009888/htdocs/yovanka/CodeIgniter4-develop/system/BaseModel.php(713): CodeIgniter\Model->doFirst()
#5 /home/vol8_8/iceiy.com/icei_38009888/htdocs/yovanka/CodeIgniter4-develop/app/Controllers/SigninController.php(21): CodeIgniter\BaseModel->first()
#6 /home/vol8_8/iceiy.com/icei_38009888/htdocs/yovanka/CodeIgniter4-develop/system/CodeIgniter.php(933): App\Controllers\SigninController->loginAuth()
#7 /home/vol8_8/iceiy.com/icei_38009888/htdocs/yovanka/CodeIgniter4-develop/system/CodeIgniter.php(509): CodeIgniter\CodeIgniter->runController(Object(App\Controllers\SigninController))
#8 /home/vol8_8/iceiy.com/icei_38009888/htdocs/yovanka/CodeIgniter4-develop/system/CodeIgniter.php(355): CodeIgniter\CodeIgniter->handleRequest(NULL, Object(Config\Cache), false)
#9 /home/vol8_8/iceiy.com/icei_38009888/htdocs/yovanka/CodeIgniter4-develop/system/Boot.php(334): CodeIgniter\CodeIgniter->run()
#10 /home/vol8_8/iceiy.com/icei_38009888/htdocs/yovanka/CodeIgniter4-develop/system/Boot.php(67): CodeIgniter\Boot::runCodeIgniter(Object(CodeIgniter\CodeIgniter))
#11 /home/vol8_8/iceiy.com/icei_38009888/htdocs/yovanka/CodeIgniter4-develop/public/index.php(56): CodeIgniter\Boot::bootWeb(Object(Config\Paths))
#12 {main}
CRITICAL - 2024-12-31 02:22:10 --> CodeIgniter\Database\Exceptions\DatabaseException: Unable to connect to the database.
Main connection [MySQLi]: Connection refused
[Method: POST, Route: SigninController/loginAuth]
in SYSTEMPATH/Database/BaseConnection.php on line 467.
 1 SYSTEMPATH/Database/BaseConnection.php(616): CodeIgniter\Database\BaseConnection->initialize()
 2 SYSTEMPATH/Database/BaseBuilder.php(1644): CodeIgniter\Database\BaseConnection->query('SELECT *
FROM `users`
WHERE `email` = :email:
 LIMIT 1', [...], false)
 3 SYSTEMPATH/Model.php(330): CodeIgniter\Database\BaseBuilder->get()
 4 SYSTEMPATH/BaseModel.php(713): CodeIgniter\Model->doFirst()
 5 APPPATH/Controllers/SigninController.php(21): CodeIgniter\BaseModel->first()
 6 SYSTEMPATH/CodeIgniter.php(933): App\Controllers\SigninController->loginAuth()
 7 SYSTEMPATH/CodeIgniter.php(509): CodeIgniter\CodeIgniter->runController(Object(App\Controllers\SigninController))
 8 SYSTEMPATH/CodeIgniter.php(355): CodeIgniter\CodeIgniter->handleRequest(null, Object(Config\Cache), false)
 9 SYSTEMPATH/Boot.php(334): CodeIgniter\CodeIgniter->run()
10 SYSTEMPATH/Boot.php(67): CodeIgniter\Boot::runCodeIgniter(Object(CodeIgniter\CodeIgniter))
11 FCPATH/index.php(56): CodeIgniter\Boot::bootWeb(Object(Config\Paths))
DEBUG - 2024-12-31 02:24:08 --> Session: Class initialized using 'CodeIgniter\Session\Handlers\FileHandler' driver.
ERROR - 2024-12-31 02:24:08 --> Error connecting to the database: mysqli_sql_exception: Connection refused in /home/vol8_8/iceiy.com/icei_38009888/htdocs/yovanka/CodeIgniter4-develop/system/Database/MySQLi/Connection.php:186
Stack trace:
#0 /home/vol8_8/iceiy.com/icei_38009888/htdocs/yovanka/CodeIgniter4-develop/system/Database/MySQLi/Connection.php(186): mysqli->real_connect('sql310.iceiy.co...', 'icei_38009888', Object(SensitiveParameterValue), 'icei_38009888_t...', 3307, '', 0)
#1 /home/vol8_8/iceiy.com/icei_38009888/htdocs/yovanka/CodeIgniter4-develop/system/Database/BaseConnection.php(421): CodeIgniter\Database\MySQLi\Connection->connect(false)
#2 /home/vol8_8/iceiy.com/icei_38009888/htdocs/yovanka/CodeIgniter4-develop/system/Database/BaseConnection.php(616): CodeIgniter\Database\BaseConnection->initialize()
#3 /home/vol8_8/iceiy.com/icei_38009888/htdocs/yovanka/CodeIgniter4-develop/system/Database/BaseBuilder.php(1644): CodeIgniter\Database\BaseConnection->query('SELECT *\nFROM `...', Array, false)
#4 /home/vol8_8/iceiy.com/icei_38009888/htdocs/yovanka/CodeIgniter4-develop/system/Model.php(330): CodeIgniter\Database\BaseBuilder->get()
#5 /home/vol8_8/iceiy.com/icei_38009888/htdocs/yovanka/CodeIgniter4-develop/system/BaseModel.php(713): CodeIgniter\Model->doFirst()
#6 /home/vol8_8/iceiy.com/icei_38009888/htdocs/yovanka/CodeIgniter4-develop/app/Controllers/SigninController.php(21): CodeIgniter\BaseModel->first()
#7 /home/vol8_8/iceiy.com/icei_38009888/htdocs/yovanka/CodeIgniter4-develop/system/CodeIgniter.php(933): App\Controllers\SigninController->loginAuth()
#8 /home/vol8_8/iceiy.com/icei_38009888/htdocs/yovanka/CodeIgniter4-develop/system/CodeIgniter.php(509): CodeIgniter\CodeIgniter->runController(Object(App\Controllers\SigninController))
#9 /home/vol8_8/iceiy.com/icei_38009888/htdocs/yovanka/CodeIgniter4-develop/system/CodeIgniter.php(355): CodeIgniter\CodeIgniter->handleRequest(NULL, Object(Config\Cache), false)
#10 /home/vol8_8/iceiy.com/icei_38009888/htdocs/yovanka/CodeIgniter4-develop/system/Boot.php(334): CodeIgniter\CodeIgniter->run()
#11 /home/vol8_8/iceiy.com/icei_38009888/htdocs/yovanka/CodeIgniter4-develop/system/Boot.php(67): CodeIgniter\Boot::runCodeIgniter(Object(CodeIgniter\CodeIgniter))
#12 /home/vol8_8/iceiy.com/icei_38009888/htdocs/yovanka/CodeIgniter4-develop/public/index.php(56): CodeIgniter\Boot::bootWeb(Object(Config\Paths))
#13 {main}

Next CodeIgniter\Database\Exceptions\DatabaseException: Connection refused in /home/vol8_8/iceiy.com/icei_38009888/htdocs/yovanka/CodeIgniter4-develop/system/Database/MySQLi/Connection.php:231
Stack trace:
#0 /home/vol8_8/iceiy.com/icei_38009888/htdocs/yovanka/CodeIgniter4-develop/system/Database/BaseConnection.php(421): CodeIgniter\Database\MySQLi\Connection->connect(false)
#1 /home/vol8_8/iceiy.com/icei_38009888/htdocs/yovanka/CodeIgniter4-develop/system/Database/BaseConnection.php(616): CodeIgniter\Database\BaseConnection->initialize()
#2 /home/vol8_8/iceiy.com/icei_38009888/htdocs/yovanka/CodeIgniter4-develop/system/Database/BaseBuilder.php(1644): CodeIgniter\Database\BaseConnection->query('SELECT *\nFROM `...', Array, false)
#3 /home/vol8_8/iceiy.com/icei_38009888/htdocs/yovanka/CodeIgniter4-develop/system/Model.php(330): CodeIgniter\Database\BaseBuilder->get()
#4 /home/vol8_8/iceiy.com/icei_38009888/htdocs/yovanka/CodeIgniter4-develop/system/BaseModel.php(713): CodeIgniter\Model->doFirst()
#5 /home/vol8_8/iceiy.com/icei_38009888/htdocs/yovanka/CodeIgniter4-develop/app/Controllers/SigninController.php(21): CodeIgniter\BaseModel->first()
#6 /home/vol8_8/iceiy.com/icei_38009888/htdocs/yovanka/CodeIgniter4-develop/system/CodeIgniter.php(933): App\Controllers\SigninController->loginAuth()
#7 /home/vol8_8/iceiy.com/icei_38009888/htdocs/yovanka/CodeIgniter4-develop/system/CodeIgniter.php(509): CodeIgniter\CodeIgniter->runController(Object(App\Controllers\SigninController))
#8 /home/vol8_8/iceiy.com/icei_38009888/htdocs/yovanka/CodeIgniter4-develop/system/CodeIgniter.php(355): CodeIgniter\CodeIgniter->handleRequest(NULL, Object(Config\Cache), false)
#9 /home/vol8_8/iceiy.com/icei_38009888/htdocs/yovanka/CodeIgniter4-develop/system/Boot.php(334): CodeIgniter\CodeIgniter->run()
#10 /home/vol8_8/iceiy.com/icei_38009888/htdocs/yovanka/CodeIgniter4-develop/system/Boot.php(67): CodeIgniter\Boot::runCodeIgniter(Object(CodeIgniter\CodeIgniter))
#11 /home/vol8_8/iceiy.com/icei_38009888/htdocs/yovanka/CodeIgniter4-develop/public/index.php(56): CodeIgniter\Boot::bootWeb(Object(Config\Paths))
#12 {main}
CRITICAL - 2024-12-31 02:24:08 --> CodeIgniter\Database\Exceptions\DatabaseException: Unable to connect to the database.
Main connection [MySQLi]: Connection refused
[Method: POST, Route: SigninController/loginAuth]
in SYSTEMPATH/Database/BaseConnection.php on line 467.
 1 SYSTEMPATH/Database/BaseConnection.php(616): CodeIgniter\Database\BaseConnection->initialize()
 2 SYSTEMPATH/Database/BaseBuilder.php(1644): CodeIgniter\Database\BaseConnection->query('SELECT *
FROM `users`
WHERE `email` = :email:
 LIMIT 1', [...], false)
 3 SYSTEMPATH/Model.php(330): CodeIgniter\Database\BaseBuilder->get()
 4 SYSTEMPATH/BaseModel.php(713): CodeIgniter\Model->doFirst()
 5 APPPATH/Controllers/SigninController.php(21): CodeIgniter\BaseModel->first()
 6 SYSTEMPATH/CodeIgniter.php(933): App\Controllers\SigninController->loginAuth()
 7 SYSTEMPATH/CodeIgniter.php(509): CodeIgniter\CodeIgniter->runController(Object(App\Controllers\SigninController))
 8 SYSTEMPATH/CodeIgniter.php(355): CodeIgniter\CodeIgniter->handleRequest(null, Object(Config\Cache), false)
 9 SYSTEMPATH/Boot.php(334): CodeIgniter\CodeIgniter->run()
10 SYSTEMPATH/Boot.php(67): CodeIgniter\Boot::runCodeIgniter(Object(CodeIgniter\CodeIgniter))
11 FCPATH/index.php(56): CodeIgniter\Boot::bootWeb(Object(Config\Paths))
DEBUG - 2024-12-31 02:24:11 --> Session: Class initialized using 'CodeIgniter\Session\Handlers\FileHandler' driver.
DEBUG - 2024-12-31 02:24:16 --> Session: Class initialized using 'CodeIgniter\Session\Handlers\FileHandler' driver.
ERROR - 2024-12-31 02:24:16 --> Error connecting to the database: mysqli_sql_exception: Connection refused in /home/vol8_8/iceiy.com/icei_38009888/htdocs/yovanka/CodeIgniter4-develop/system/Database/MySQLi/Connection.php:186
Stack trace:
#0 /home/vol8_8/iceiy.com/icei_38009888/htdocs/yovanka/CodeIgniter4-develop/system/Database/MySQLi/Connection.php(186): mysqli->real_connect('sql310.iceiy.co...', 'icei_38009888', Object(SensitiveParameterValue), 'icei_38009888_t...', 3307, '', 0)
#1 /home/vol8_8/iceiy.com/icei_38009888/htdocs/yovanka/CodeIgniter4-develop/system/Database/BaseConnection.php(421): CodeIgniter\Database\MySQLi\Connection->connect(false)
#2 /home/vol8_8/iceiy.com/icei_38009888/htdocs/yovanka/CodeIgniter4-develop/system/Database/BaseConnection.php(616): CodeIgniter\Database\BaseConnection->initialize()
#3 /home/vol8_8/iceiy.com/icei_38009888/htdocs/yovanka/CodeIgniter4-develop/system/Database/BaseBuilder.php(1644): CodeIgniter\Database\BaseConnection->query('SELECT *\nFROM `...', Array, false)
#4 /home/vol8_8/iceiy.com/icei_38009888/htdocs/yovanka/CodeIgniter4-develop/system/Model.php(330): CodeIgniter\Database\BaseBuilder->get()
#5 /home/vol8_8/iceiy.com/icei_38009888/htdocs/yovanka/CodeIgniter4-develop/system/BaseModel.php(713): CodeIgniter\Model->doFirst()
#6 /home/vol8_8/iceiy.com/icei_38009888/htdocs/yovanka/CodeIgniter4-develop/app/Controllers/SigninController.php(21): CodeIgniter\BaseModel->first()
#7 /home/vol8_8/iceiy.com/icei_38009888/htdocs/yovanka/CodeIgniter4-develop/system/CodeIgniter.php(933): App\Controllers\SigninController->loginAuth()
#8 /home/vol8_8/iceiy.com/icei_38009888/htdocs/yovanka/CodeIgniter4-develop/system/CodeIgniter.php(509): CodeIgniter\CodeIgniter->runController(Object(App\Controllers\SigninController))
#9 /home/vol8_8/iceiy.com/icei_38009888/htdocs/yovanka/CodeIgniter4-develop/system/CodeIgniter.php(355): CodeIgniter\CodeIgniter->handleRequest(NULL, Object(Config\Cache), false)
#10 /home/vol8_8/iceiy.com/icei_38009888/htdocs/yovanka/CodeIgniter4-develop/system/Boot.php(334): CodeIgniter\CodeIgniter->run()
#11 /home/vol8_8/iceiy.com/icei_38009888/htdocs/yovanka/CodeIgniter4-develop/system/Boot.php(67): CodeIgniter\Boot::runCodeIgniter(Object(CodeIgniter\CodeIgniter))
#12 /home/vol8_8/iceiy.com/icei_38009888/htdocs/yovanka/CodeIgniter4-develop/public/index.php(56): CodeIgniter\Boot::bootWeb(Object(Config\Paths))
#13 {main}

Next CodeIgniter\Database\Exceptions\DatabaseException: Connection refused in /home/vol8_8/iceiy.com/icei_38009888/htdocs/yovanka/CodeIgniter4-develop/system/Database/MySQLi/Connection.php:231
Stack trace:
#0 /home/vol8_8/iceiy.com/icei_38009888/htdocs/yovanka/CodeIgniter4-develop/system/Database/BaseConnection.php(421): CodeIgniter\Database\MySQLi\Connection->connect(false)
#1 /home/vol8_8/iceiy.com/icei_38009888/htdocs/yovanka/CodeIgniter4-develop/system/Database/BaseConnection.php(616): CodeIgniter\Database\BaseConnection->initialize()
#2 /home/vol8_8/iceiy.com/icei_38009888/htdocs/yovanka/CodeIgniter4-develop/system/Database/BaseBuilder.php(1644): CodeIgniter\Database\BaseConnection->query('SELECT *\nFROM `...', Array, false)
#3 /home/vol8_8/iceiy.com/icei_38009888/htdocs/yovanka/CodeIgniter4-develop/system/Model.php(330): CodeIgniter\Database\BaseBuilder->get()
#4 /home/vol8_8/iceiy.com/icei_38009888/htdocs/yovanka/CodeIgniter4-develop/system/BaseModel.php(713): CodeIgniter\Model->doFirst()
#5 /home/vol8_8/iceiy.com/icei_38009888/htdocs/yovanka/CodeIgniter4-develop/app/Controllers/SigninController.php(21): CodeIgniter\BaseModel->first()
#6 /home/vol8_8/iceiy.com/icei_38009888/htdocs/yovanka/CodeIgniter4-develop/system/CodeIgniter.php(933): App\Controllers\SigninController->loginAuth()
#7 /home/vol8_8/iceiy.com/icei_38009888/htdocs/yovanka/CodeIgniter4-develop/system/CodeIgniter.php(509): CodeIgniter\CodeIgniter->runController(Object(App\Controllers\SigninController))
#8 /home/vol8_8/iceiy.com/icei_38009888/htdocs/yovanka/CodeIgniter4-develop/system/CodeIgniter.php(355): CodeIgniter\CodeIgniter->handleRequest(NULL, Object(Config\Cache), false)
#9 /home/vol8_8/iceiy.com/icei_38009888/htdocs/yovanka/CodeIgniter4-develop/system/Boot.php(334): CodeIgniter\CodeIgniter->run()
#10 /home/vol8_8/iceiy.com/icei_38009888/htdocs/yovanka/CodeIgniter4-develop/system/Boot.php(67): CodeIgniter\Boot::runCodeIgniter(Object(CodeIgniter\CodeIgniter))
#11 /home/vol8_8/iceiy.com/icei_38009888/htdocs/yovanka/CodeIgniter4-develop/public/index.php(56): CodeIgniter\Boot::bootWeb(Object(Config\Paths))
#12 {main}
CRITICAL - 2024-12-31 02:24:16 --> CodeIgniter\Database\Exceptions\DatabaseException: Unable to connect to the database.
Main connection [MySQLi]: Connection refused
[Method: POST, Route: SigninController/loginAuth]
in SYSTEMPATH/Database/BaseConnection.php on line 467.
 1 SYSTEMPATH/Database/BaseConnection.php(616): CodeIgniter\Database\BaseConnection->initialize()
 2 SYSTEMPATH/Database/BaseBuilder.php(1644): CodeIgniter\Database\BaseConnection->query('SELECT *
FROM `users`
WHERE `email` = :email:
 LIMIT 1', [...], false)
 3 SYSTEMPATH/Model.php(330): CodeIgniter\Database\BaseBuilder->get()
 4 SYSTEMPATH/BaseModel.php(713): CodeIgniter\Model->doFirst()
 5 APPPATH/Controllers/SigninController.php(21): CodeIgniter\BaseModel->first()
 6 SYSTEMPATH/CodeIgniter.php(933): App\Controllers\SigninController->loginAuth()
 7 SYSTEMPATH/CodeIgniter.php(509): CodeIgniter\CodeIgniter->runController(Object(App\Controllers\SigninController))
 8 SYSTEMPATH/CodeIgniter.php(355): CodeIgniter\CodeIgniter->handleRequest(null, Object(Config\Cache), false)
 9 SYSTEMPATH/Boot.php(334): CodeIgniter\CodeIgniter->run()
10 SYSTEMPATH/Boot.php(67): CodeIgniter\Boot::runCodeIgniter(Object(CodeIgniter\CodeIgniter))
11 FCPATH/index.php(56): CodeIgniter\Boot::bootWeb(Object(Config\Paths))
DEBUG - 2024-12-31 02:27:41 --> Session: Class initialized using 'CodeIgniter\Session\Handlers\FileHandler' driver.
DEBUG - 2024-12-31 02:27:51 --> Session: Class initialized using 'CodeIgniter\Session\Handlers\FileHandler' driver.
DEBUG - 2024-12-31 02:27:52 --> Session: Class initialized using 'CodeIgniter\Session\Handlers\FileHandler' driver.
DEBUG - 2024-12-31 02:27:59 --> Session: Class initialized using 'CodeIgniter\Session\Handlers\FileHandler' driver.
DEBUG - 2024-12-31 02:28:00 --> Session: Class initialized using 'CodeIgniter\Session\Handlers\FileHandler' driver.
DEBUG - 2024-12-31 02:29:51 --> Session: Class initialized using 'CodeIgniter\Session\Handlers\FileHandler' driver.
DEBUG - 2024-12-31 02:30:10 --> Session: Class initialized using 'CodeIgniter\Session\Handlers\FileHandler' driver.
DEBUG - 2024-12-31 02:30:11 --> Session: Class initialized using 'CodeIgniter\Session\Handlers\FileHandler' driver.
DEBUG - 2024-12-31 02:30:20 --> Session: Class initialized using 'CodeIgniter\Session\Handlers\FileHandler' driver.
DEBUG - 2024-12-31 02:30:21 --> Session: Class initialized using 'CodeIgniter\Session\Handlers\FileHandler' driver.
DEBUG - 2024-12-31 02:30:30 --> Session: Class initialized using 'CodeIgniter\Session\Handlers\FileHandler' driver.
DEBUG - 2024-12-31 02:30:31 --> Session: Class initialized using 'CodeIgniter\Session\Handlers\FileHandler' driver.
DEBUG - 2024-12-31 02:31:34 --> Session: Class initialized using 'CodeIgniter\Session\Handlers\FileHandler' driver.
DEBUG - 2024-12-31 02:31:42 --> Session: Class initialized using 'CodeIgniter\Session\Handlers\FileHandler' driver.
DEBUG - 2024-12-31 02:31:43 --> Session: Class initialized using 'CodeIgniter\Session\Handlers\FileHandler' driver.
DEBUG - 2024-12-31 02:31:47 --> Session: Class initialized using 'CodeIgniter\Session\Handlers\FileHandler' driver.
DEBUG - 2024-12-31 02:33:17 --> Session: Class initialized using 'CodeIgniter\Session\Handlers\FileHandler' driver.
DEBUG - 2024-12-31 02:33:19 --> Session: Class initialized using 'CodeIgniter\Session\Handlers\FileHandler' driver.
DEBUG - 2024-12-31 02:35:14 --> Session: Class initialized using 'CodeIgniter\Session\Handlers\FileHandler' driver.
DEBUG - 2024-12-31 02:35:16 --> Session: Class initialized using 'CodeIgniter\Session\Handlers\FileHandler' driver.
DEBUG - 2024-12-31 02:35:32 --> Session: Class initialized using 'CodeIgniter\Session\Handlers\FileHandler' driver.
DEBUG - 2024-12-31 02:35:32 --> User ID from session: 1
DEBUG - 2024-12-31 02:35:33 --> Session: Class initialized using 'CodeIgniter\Session\Handlers\FileHandler' driver.
DEBUG - 2024-12-31 02:35:34 --> Session: Class initialized using 'CodeIgniter\Session\Handlers\FileHandler' driver.
DEBUG - 2024-12-31 02:36:35 --> Session: Class initialized using 'CodeIgniter\Session\Handlers\FileHandler' driver.
DEBUG - 2024-12-31 02:37:33 --> Session: Class initialized using 'CodeIgniter\Session\Handlers\FileHandler' driver.
DEBUG - 2024-12-31 02:40:03 --> Session: Class initialized using 'CodeIgniter\Session\Handlers\FileHandler' driver.
DEBUG - 2024-12-31 02:40:45 --> Session: Class initialized using 'CodeIgniter\Session\Handlers\FileHandler' driver.
DEBUG - 2024-12-31 02:41:14 --> Session: Class initialized using 'CodeIgniter\Session\Handlers\FileHandler' driver.
DEBUG - 2024-12-31 02:41:54 --> Session: Class initialized using 'CodeIgniter\Session\Handlers\FileHandler' driver.
DEBUG - 2024-12-31 02:55:46 --> Session: Class initialized using 'CodeIgniter\Session\Handlers\FileHandler' driver.
DEBUG - 2024-12-31 02:58:51 --> Session: Class initialized using 'CodeIgniter\Session\Handlers\FileHandler' driver.
DEBUG - 2024-12-31 03:04:53 --> Session: Class initialized using 'CodeIgniter\Session\Handlers\FileHandler' driver.
DEBUG - 2024-12-31 03:09:08 --> Session: Class initialized using 'CodeIgniter\Session\Handlers\FileHandler' driver.
DEBUG - 2024-12-31 03:09:24 --> Session: Class initialized using 'CodeIgniter\Session\Handlers\FileHandler' driver.
DEBUG - 2024-12-31 03:09:46 --> Session: Class initialized using 'CodeIgniter\Session\Handlers\FileHandler' driver.
DEBUG - 2024-12-31 03:09:51 --> Session: Class initialized using 'CodeIgniter\Session\Handlers\FileHandler' driver.
DEBUG - 2024-12-31 03:11:26 --> Session: Class initialized using 'CodeIgniter\Session\Handlers\FileHandler' driver.
DEBUG - 2024-12-31 03:11:31 --> Session: Class initialized using 'CodeIgniter\Session\Handlers\FileHandler' driver.
DEBUG - 2024-12-31 03:13:14 --> Session: Class initialized using 'CodeIgniter\Session\Handlers\FileHandler' driver.
DEBUG - 2024-12-31 03:13:17 --> Session: Class initialized using 'CodeIgniter\Session\Handlers\FileHandler' driver.
DEBUG - 2024-12-31 03:13:19 --> Session: Class initialized using 'CodeIgniter\Session\Handlers\FileHandler' driver.
DEBUG - 2024-12-31 03:13:23 --> Session: Class initialized using 'CodeIgniter\Session\Handlers\FileHandler' driver.
DEBUG - 2024-12-31 03:13:42 --> Session: Class initialized using 'CodeIgniter\Session\Handlers\FileHandler' driver.
DEBUG - 2024-12-31 03:14:45 --> Session: Class initialized using 'CodeIgniter\Session\Handlers\FileHandler' driver.
DEBUG - 2024-12-31 03:14:47 --> Session: Class initialized using 'CodeIgniter\Session\Handlers\FileHandler' driver.
DEBUG - 2024-12-31 03:14:48 --> Session: Class initialized using 'CodeIgniter\Session\Handlers\FileHandler' driver.
DEBUG - 2024-12-31 03:14:50 --> Session: Class initialized using 'CodeIgniter\Session\Handlers\FileHandler' driver.
DEBUG - 2024-12-31 03:14:53 --> Session: Class initialized using 'CodeIgniter\Session\Handlers\FileHandler' driver.
DEBUG - 2024-12-31 03:15:10 --> Session: Class initialized using 'CodeIgniter\Session\Handlers\FileHandler' driver.
DEBUG - 2024-12-31 03:16:35 --> Session: Class initialized using 'CodeIgniter\Session\Handlers\FileHandler' driver.
DEBUG - 2024-12-31 03:16:36 --> Session: Class initialized using 'CodeIgniter\Session\Handlers\FileHandler' driver.
DEBUG - 2024-12-31 03:19:48 --> Session: Class initialized using 'CodeIgniter\Session\Handlers\FileHandler' driver.
DEBUG - 2024-12-31 03:19:49 --> Session: Class initialized using 'CodeIgniter\Session\Handlers\FileHandler' driver.
DEBUG - 2024-12-31 03:19:51 --> Session: Class initialized using 'CodeIgniter\Session\Handlers\FileHandler' driver.
DEBUG - 2024-12-31 03:19:53 --> Session: Class initialized using 'CodeIgniter\Session\Handlers\FileHandler' driver.
DEBUG - 2024-12-31 03:19:56 --> Session: Class initialized using 'CodeIgniter\Session\Handlers\FileHandler' driver.
DEBUG - 2024-12-31 03:20:08 --> Session: Class initialized using 'CodeIgniter\Session\Handlers\FileHandler' driver.
DEBUG - 2024-12-31 03:20:10 --> Session: Class initialized using 'CodeIgniter\Session\Handlers\FileHandler' driver.
DEBUG - 2024-12-31 03:20:13 --> Session: Class initialized using 'CodeIgniter\Session\Handlers\FileHandler' driver.
DEBUG - 2024-12-31 03:23:32 --> Session: Class initialized using 'CodeIgniter\Session\Handlers\FileHandler' driver.
DEBUG - 2024-12-31 03:24:00 --> Session: Class initialized using 'CodeIgniter\Session\Handlers\FileHandler' driver.
DEBUG - 2024-12-31 03:24:00 --> Request data: {"type":"hotel","provider":"6","booking_reference":"6","date":"2025-01-02","time":"22:23","details":"h"}
DEBUG - 2024-12-31 03:24:01 --> Session: Class initialized using 'CodeIgniter\Session\Handlers\FileHandler' driver.
DEBUG - 2024-12-31 03:24:14 --> Session: Class initialized using 'CodeIgniter\Session\Handlers\FileHandler' driver.
DEBUG - 2024-12-31 03:24:15 --> Session: Class initialized using 'CodeIgniter\Session\Handlers\FileHandler' driver.
DEBUG - 2024-12-31 03:24:18 --> Session: Class initialized using 'CodeIgniter\Session\Handlers\FileHandler' driver.
DEBUG - 2024-12-31 03:24:24 --> Session: Class initialized using 'CodeIgniter\Session\Handlers\FileHandler' driver.
DEBUG - 2024-12-31 03:24:26 --> Session: Class initialized using 'CodeIgniter\Session\Handlers\FileHandler' driver.
DEBUG - 2024-12-31 03:25:38 --> Session: Class initialized using 'CodeIgniter\Session\Handlers\FileHandler' driver.
DEBUG - 2024-12-31 03:25:39 --> Session: Class initialized using 'CodeIgniter\Session\Handlers\FileHandler' driver.
DEBUG - 2024-12-31 03:25:41 --> Session: Class initialized using 'CodeIgniter\Session\Handlers\FileHandler' driver.
DEBUG - 2024-12-31 03:25:44 --> Session: Class initialized using 'CodeIgniter\Session\Handlers\FileHandler' driver.
DEBUG - 2024-12-31 03:27:01 --> Session: Class initialized using 'CodeIgniter\Session\Handlers\FileHandler' driver.
DEBUG - 2024-12-31 03:27:03 --> Session: Class initialized using 'CodeIgniter\Session\Handlers\FileHandler' driver.
DEBUG - 2024-12-31 03:27:04 --> Session: Class initialized using 'CodeIgniter\Session\Handlers\FileHandler' driver.
DEBUG - 2024-12-31 03:27:08 --> Session: Class initialized using 'CodeIgniter\Session\Handlers\FileHandler' driver.
DEBUG - 2024-12-31 03:27:09 --> Session: Class initialized using 'CodeIgniter\Session\Handlers\FileHandler' driver.
DEBUG - 2024-12-31 03:28:11 --> Session: Class initialized using 'CodeIgniter\Session\Handlers\FileHandler' driver.
DEBUG - 2024-12-31 03:29:23 --> Session: Class initialized using 'CodeIgniter\Session\Handlers\FileHandler' driver.
DEBUG - 2024-12-31 03:29:24 --> Session: Class initialized using 'CodeIgniter\Session\Handlers\FileHandler' driver.
DEBUG - 2024-12-31 03:30:12 --> Session: Class initialized using 'CodeIgniter\Session\Handlers\FileHandler' driver.
DEBUG - 2024-12-31 03:30:20 --> Session: Class initialized using 'CodeIgniter\Session\Handlers\FileHandler' driver.
DEBUG - 2024-12-31 03:30:20 --> Executing command: node "/home/vol8_8/iceiy.com/icei_38009888/htdocs/yovanka/CodeIgniter4-develop/app/ThirdParty/puppeteer/scrapeGoogleFlights.js" "" "" ""
CRITICAL - 2024-12-31 03:30:20 --> Error: Call to undefined function App\Libraries\exec()
[Method: GET, Route: flights]
in APPPATH/Libraries/GoogleFlightsScraper.php on line 31.
 1 APPPATH/Controllers/FlightsController.php(29): App\Libraries\GoogleFlightsScraper->scrapeFlights('JKT', 'SIN', '2024-12-31')
 2 SYSTEMPATH/CodeIgniter.php(933): App\Controllers\FlightsController->scrape()
 3 SYSTEMPATH/CodeIgniter.php(509): CodeIgniter\CodeIgniter->runController(Object(App\Controllers\FlightsController))
 4 SYSTEMPATH/CodeIgniter.php(355): CodeIgniter\CodeIgniter->handleRequest(null, Object(Config\Cache), false)
 5 SYSTEMPATH/Boot.php(334): CodeIgniter\CodeIgniter->run()
 6 SYSTEMPATH/Boot.php(67): CodeIgniter\Boot::runCodeIgniter(Object(CodeIgniter\CodeIgniter))
 7 FCPATH/index.php(56): CodeIgniter\Boot::bootWeb(Object(Config\Paths))
DEBUG - 2024-12-31 03:33:39 --> Session: Class initialized using 'CodeIgniter\Session\Handlers\FileHandler' driver.
DEBUG - 2024-12-31 03:33:43 --> Session: Class initialized using 'CodeIgniter\Session\Handlers\FileHandler' driver.
DEBUG - 2024-12-31 03:33:43 --> Executing command: node "/home/vol8_8/iceiy.com/icei_38009888/htdocs/yovanka/CodeIgniter4-develop/app/ThirdParty/puppeteer/scrapeGoogleFlights.js" "" "" ""
CRITICAL - 2024-12-31 03:33:43 --> Error: Call to undefined function exec()
[Method: GET, Route: flights]
in APPPATH/Libraries/GoogleFlightsScraper.php on line 31.
 1 APPPATH/Controllers/FlightsController.php(29): App\Libraries\GoogleFlightsScraper->scrapeFlights('JKT', 'SIN', '2024-12-31')
 2 SYSTEMPATH/CodeIgniter.php(933): App\Controllers\FlightsController->scrape()
 3 SYSTEMPATH/CodeIgniter.php(509): CodeIgniter\CodeIgniter->runController(Object(App\Controllers\FlightsController))
 4 SYSTEMPATH/CodeIgniter.php(355): CodeIgniter\CodeIgniter->handleRequest(null, Object(Config\Cache), false)
 5 SYSTEMPATH/Boot.php(334): CodeIgniter\CodeIgniter->run()
 6 SYSTEMPATH/Boot.php(67): CodeIgniter\Boot::runCodeIgniter(Object(CodeIgniter\CodeIgniter))
 7 FCPATH/index.php(56): CodeIgniter\Boot::bootWeb(Object(Config\Paths))
DEBUG - 2024-12-31 03:39:37 --> Session: Class initialized using 'CodeIgniter\Session\Handlers\FileHandler' driver.
ERROR - 2024-12-31 03:39:37 --> GoogleFlightsScraper error: Failed to parse JSON response: Syntax error
ERROR - 2024-12-31 03:39:37 --> FlightsController error: Failed to parse JSON response: Syntax error
DEBUG - 2024-12-31 03:45:38 --> Session: Class initialized using 'CodeIgniter\Session\Handlers\FileHandler' driver.
DEBUG - 2024-12-31 03:45:42 --> Session: Class initialized using 'CodeIgniter\Session\Handlers\FileHandler' driver.
ERROR - 2024-12-31 03:45:42 --> GoogleFlightsScraper error: Failed to parse JSON response: Syntax error
ERROR - 2024-12-31 03:45:42 --> FlightsController error: Failed to parse JSON response: Syntax error
DEBUG - 2024-12-31 03:51:30 --> Session: Class initialized using 'CodeIgniter\Session\Handlers\FileHandler' driver.
DEBUG - 2024-12-31 03:51:30 --> Executing command: node "/home/vol8_8/iceiy.com/icei_38009888/htdocs/yovanka/CodeIgniter4-develop/app/ThirdParty/puppeteer/scrapeGoogleFlights.js" "" "" ""
CRITICAL - 2024-12-31 03:51:30 --> Error: Call to undefined function exec()
[Method: GET, Route: flights]
in APPPATH/Libraries/GoogleFlightsScraper.php on line 31.
 1 APPPATH/Controllers/FlightsController.php(29): App\Libraries\GoogleFlightsScraper->scrapeFlights('JKT', 'SIN', '2024-12-31')
 2 SYSTEMPATH/CodeIgniter.php(933): App\Controllers\FlightsController->scrape()
 3 SYSTEMPATH/CodeIgniter.php(509): CodeIgniter\CodeIgniter->runController(Object(App\Controllers\FlightsController))
 4 SYSTEMPATH/CodeIgniter.php(355): CodeIgniter\CodeIgniter->handleRequest(null, Object(Config\Cache), false)
 5 SYSTEMPATH/Boot.php(334): CodeIgniter\CodeIgniter->run()
 6 SYSTEMPATH/Boot.php(67): CodeIgniter\Boot::runCodeIgniter(Object(CodeIgniter\CodeIgniter))
 7 FCPATH/index.php(56): CodeIgniter\Boot::bootWeb(Object(Config\Paths))
DEBUG - 2024-12-31 04:03:06 --> Session: Class initialized using 'CodeIgniter\Session\Handlers\FileHandler' driver.
DEBUG - 2024-12-31 04:03:08 --> Session: Class initialized using 'CodeIgniter\Session\Handlers\FileHandler' driver.
ERROR - 2024-12-31 04:03:08 --> No available execution functions found
DEBUG - 2024-12-31 04:03:08 --> Executing command: node "/home/vol8_8/iceiy.com/icei_38009888/htdocs/yovanka/CodeIgniter4-develop/app/ThirdParty/puppeteer/scrapeGoogleFlights.js" "" "" ""
ERROR - 2024-12-31 04:03:08 --> GoogleFlightsScraper error: All execution methods failed
ERROR - 2024-12-31 04:03:08 --> FlightsController error: All execution methods failed
DEBUG - 2024-12-31 04:09:25 --> Session: Class initialized using 'CodeIgniter\Session\Handlers\FileHandler' driver.
DEBUG - 2024-12-31 04:09:25 --> Executing command: node "/home/vol8_8/iceiy.com/icei_38009888/htdocs/yovanka/CodeIgniter4-develop/app/ThirdParty/puppeteer/scrapeGoogleFlights.js" "" "" ""
CRITICAL - 2024-12-31 04:09:25 --> Error: Call to undefined function exec()
[Method: GET, Route: flights]
in APPPATH/Libraries/GoogleFlightsScraper.php on line 31.
 1 APPPATH/Controllers/FlightsController.php(29): App\Libraries\GoogleFlightsScraper->scrapeFlights('JKT', 'SIN', '2024-12-31')
 2 SYSTEMPATH/CodeIgniter.php(933): App\Controllers\FlightsController->scrape()
 3 SYSTEMPATH/CodeIgniter.php(509): CodeIgniter\CodeIgniter->runController(Object(App\Controllers\FlightsController))
 4 SYSTEMPATH/CodeIgniter.php(355): CodeIgniter\CodeIgniter->handleRequest(null, Object(Config\Cache), false)
 5 SYSTEMPATH/Boot.php(334): CodeIgniter\CodeIgniter->run()
 6 SYSTEMPATH/Boot.php(67): CodeIgniter\Boot::runCodeIgniter(Object(CodeIgniter\CodeIgniter))
 7 FCPATH/index.php(56): CodeIgniter\Boot::bootWeb(Object(Config\Paths))
DEBUG - 2024-12-31 04:14:20 --> Session: Class initialized using 'CodeIgniter\Session\Handlers\FileHandler' driver.
DEBUG - 2024-12-31 04:14:20 --> Executing command: node "/home/vol8_8/iceiy.com/icei_38009888/htdocs/yovanka/CodeIgniter4-develop/app/ThirdParty/puppeteer/scrapeGoogleFlights.js" "" "" ""
CRITICAL - 2024-12-31 04:14:20 --> Error: Call to undefined function exec()
[Method: GET, Route: flights]
in APPPATH/Libraries/GoogleFlightsScraper.php on line 31.
 1 APPPATH/Controllers/FlightsController.php(29): App\Libraries\GoogleFlightsScraper->scrapeFlights('JKT', 'SIN', '2024-12-31')
 2 SYSTEMPATH/CodeIgniter.php(933): App\Controllers\FlightsController->scrape()
 3 SYSTEMPATH/CodeIgniter.php(509): CodeIgniter\CodeIgniter->runController(Object(App\Controllers\FlightsController))
 4 SYSTEMPATH/CodeIgniter.php(355): CodeIgniter\CodeIgniter->handleRequest(null, Object(Config\Cache), false)
 5 SYSTEMPATH/Boot.php(334): CodeIgniter\CodeIgniter->run()
 6 SYSTEMPATH/Boot.php(67): CodeIgniter\Boot::runCodeIgniter(Object(CodeIgniter\CodeIgniter))
 7 FCPATH/index.php(56): CodeIgniter\Boot::bootWeb(Object(Config\Paths))
